<?xml version="1.0" encoding="UTF-8"?>
<!-- Generated by org.testng.reporters.JUnitXMLReporter -->
<testsuite ignored="1" hostname="QA1082" failures="0" tests="1" name="Default test" time="9.786" errors="0" timestamp="2024-12-03T20:44:41 IST">
  <testcase classname="com.qa.orangehrm.test.LoginPageTest" name="scenario2test" time="3.991"/>
  <testcase classname="com.qa.orangehrm.test.LoginPageTest" name="scenario1test" time="0.0">
    <ignored/>
  </testcase> <!-- scenario1test -->
</testsuite> <!-- Default test -->
