<?xml version="1.0" encoding="UTF-8"?>
<testng-results ignored="1" total="2" passed="1" failed="0" skipped="0">
  <reporter-output>
  </reporter-output>
  <suite started-at="2024-12-03T20:44:32 IST" name="Default suite" finished-at="2024-12-03T20:44:41 IST" duration-ms="9786">
    <groups>
    </groups>
    <test started-at="2024-12-03T20:44:32 IST" name="Default test" finished-at="2024-12-03T20:44:41 IST" duration-ms="9786">
      <class name="com.qa.orangehrm.test.LoginPageTest">
        <test-method is-config="true" signature="setup()[pri:0, instance:com.qa.orangehrm.test.LoginPageTest@6a192cfe]" started-at="2024-12-03T20:44:32 IST" name="setup" finished-at="2024-12-03T20:44:37 IST" duration-ms="5727" status="PASS">
          <reporter-output>
          </reporter-output>
        </test-method> <!-- setup -->
        <test-method signature="scenario2test()[pri:0, instance:com.qa.orangehrm.test.LoginPageTest@6a192cfe]" started-at="2024-12-03T20:44:37 IST" name="scenario2test" finished-at="2024-12-03T20:44:41 IST" duration-ms="3991" status="PASS">
          <reporter-output>
          </reporter-output>
        </test-method> <!-- scenario2test -->
        <test-method is-config="true" signature="tearDown()[pri:0, instance:com.qa.orangehrm.test.LoginPageTest@6a192cfe]" started-at="2024-12-03T20:44:41 IST" name="tearDown" finished-at="2024-12-03T20:44:41 IST" duration-ms="1" status="PASS">
          <reporter-output>
          </reporter-output>
        </test-method> <!-- tearDown -->
      </class> <!-- com.qa.orangehrm.test.LoginPageTest -->
    </test> <!-- Default test -->
  </suite> <!-- Default suite -->
</testng-results>
